<?xml version="1.0" encoding="UTF-8"?>
<testng-results ignored="0" total="1" passed="1" failed="0" skipped="0">
  <reporter-output>
  </reporter-output>
  <suite started-at="2026-01-19T14:40:03 IST" name="Default suite" finished-at="2026-01-19T14:40:09 IST" duration-ms="5573">
    <groups>
    </groups>
    <test started-at="2026-01-19T14:40:03 IST" name="Default test" finished-at="2026-01-19T14:40:09 IST" duration-ms="5573">
      <class name="Testing.TestDriver">
        <test-method signature="openSite()[pri:0, instance:Testing.TestDriver@4218d6a3]" started-at="2026-01-19T14:40:03 IST" name="openSite" finished-at="2026-01-19T14:40:09 IST" duration-ms="5483" status="PASS">
          <reporter-output>
          </reporter-output>
        </test-method> <!-- openSite -->
      </class> <!-- Testing.TestDriver -->
    </test> <!-- Default test -->
  </suite> <!-- Default suite -->
</testng-results>
