<?xml version="1.0" encoding="UTF-8"?>
<<<<<<< HEAD
<testng-results ignored="0" total="3" passed="2" failed="1" skipped="0">
  <reporter-output>
  </reporter-output>
  <suite started-at="2026-01-20T18:00:28 IST" name="Default suite" finished-at="2026-01-20T18:01:02 IST" duration-ms="33868">
    <groups>
      <group name="cucumber">
        <method signature="AbstractTestNGCucumberTests.runScenario(io.cucumber.testng.PickleWrapper,io.cucumber.testng.FeatureWrapper)[pri:0, instance:com.ibm.banking.runners.TestRunner@24269709]" name="runScenario" class="io.cucumber.testng.AbstractTestNGCucumberTests"/>
      </group> <!-- cucumber -->
    </groups>
    <test started-at="2026-01-20T18:00:28 IST" name="Default test" finished-at="2026-01-20T18:01:02 IST" duration-ms="33868">
      <class name="com.ibm.banking.runners.TestRunner">
        <test-method is-config="true" signature="setUpClass(org.testng.ITestContext)[pri:0, instance:com.ibm.banking.runners.TestRunner@24269709]" started-at="2026-01-20T18:00:28 IST" name="setUpClass" finished-at="2026-01-20T18:00:28 IST" duration-ms="385" status="PASS">
          <params>
            <param index="0">
              <value>
                <![CDATA[org.testng.TestRunner@c2cf597]]>
=======
<testng-results ignored="0" total="15" passed="13" failed="2" skipped="0">
  <reporter-output>
  </reporter-output>
  <suite started-at="2026-01-20T23:10:22 IST" name="Default suite" finished-at="2026-01-20T23:12:33 IST" duration-ms="130402">
    <groups>
      <group name="cucumber">
        <method signature="AbstractTestNGCucumberTests.runScenario(io.cucumber.testng.PickleWrapper,io.cucumber.testng.FeatureWrapper)[pri:0, instance:com.ibm.banking.runners.TestRunner@65e98b1c]" name="runScenario" class="io.cucumber.testng.AbstractTestNGCucumberTests"/>
      </group> <!-- cucumber -->
    </groups>
    <test started-at="2026-01-20T23:10:22 IST" name="Default test" finished-at="2026-01-20T23:12:33 IST" duration-ms="130402">
      <class name="com.ibm.banking.runners.TestRunner">
        <test-method is-config="true" signature="setUpClass(org.testng.ITestContext)[pri:0, instance:com.ibm.banking.runners.TestRunner@65e98b1c]" started-at="2026-01-20T23:10:22 IST" name="setUpClass" finished-at="2026-01-20T23:10:23 IST" duration-ms="434" status="PASS">
          <params>
            <param index="0">
              <value>
                <![CDATA[org.testng.TestRunner@16c0be3b]]>
>>>>>>> e1e3038 (Completed Transactions Page Test)
              </value>
            </param>
          </params>
          <reporter-output>
          </reporter-output>
        </test-method> <!-- setUpClass -->
<<<<<<< HEAD
        <test-method signature="runScenario(io.cucumber.testng.PickleWrapper,io.cucumber.testng.FeatureWrapper)[pri:0, instance:com.ibm.banking.runners.TestRunner@24269709]" started-at="2026-01-20T18:00:28 IST" name="runScenario" description="Runs Cucumber Scenarios" data-provider="scenarios" finished-at="2026-01-20T18:00:36 IST" duration-ms="8256" status="PASS">
          <params>
            <param index="0">
              <value>
                <![CDATA["Successfully update profile information"]]>
=======
        <test-method signature="runScenario(io.cucumber.testng.PickleWrapper,io.cucumber.testng.FeatureWrapper)[pri:0, instance:com.ibm.banking.runners.TestRunner@65e98b1c]" started-at="2026-01-20T23:10:23 IST" name="runScenario" description="Runs Cucumber Scenarios" data-provider="scenarios" finished-at="2026-01-20T23:10:30 IST" duration-ms="7037" status="PASS">
          <params>
            <param index="0">
              <value>
                <![CDATA["Transfer to saved beneficiary"]]>
>>>>>>> e1e3038 (Completed Transactions Page Test)
              </value>
            </param>
            <param index="1">
              <value>
<<<<<<< HEAD
                <![CDATA["Account Settings Page Functionality"]]>
=======
                <![CDATA["Money Transfer Functionality"]]>
>>>>>>> e1e3038 (Completed Transactions Page Test)
              </value>
            </param>
          </params>
          <reporter-output>
          </reporter-output>
        </test-method> <!-- runScenario -->
<<<<<<< HEAD
        <test-method signature="runScenario(io.cucumber.testng.PickleWrapper,io.cucumber.testng.FeatureWrapper)[pri:0, instance:com.ibm.banking.runners.TestRunner@24269709]" started-at="2026-01-20T18:00:36 IST" name="runScenario" description="Runs Cucumber Scenarios" data-provider="scenarios" finished-at="2026-01-20T18:00:44 IST" duration-ms="7534" status="PASS">
          <params>
            <param index="0">
              <value>
                <![CDATA["Successfully update profile information"]]>
=======
        <test-method signature="runScenario(io.cucumber.testng.PickleWrapper,io.cucumber.testng.FeatureWrapper)[pri:0, instance:com.ibm.banking.runners.TestRunner@65e98b1c]" started-at="2026-01-20T23:10:30 IST" name="runScenario" description="Runs Cucumber Scenarios" data-provider="scenarios" finished-at="2026-01-20T23:10:37 IST" duration-ms="7031" status="PASS">
          <params>
            <param index="0">
              <value>
                <![CDATA["Transfer to saved beneficiary"]]>
>>>>>>> e1e3038 (Completed Transactions Page Test)
              </value>
            </param>
            <param index="1">
              <value>
<<<<<<< HEAD
                <![CDATA["Account Settings Page Functionality"]]>
=======
                <![CDATA["Money Transfer Functionality"]]>
              </value>
            </param>
          </params>
          <reporter-output>
          </reporter-output>
        </test-method> <!-- runScenario -->
        <test-method signature="runScenario(io.cucumber.testng.PickleWrapper,io.cucumber.testng.FeatureWrapper)[pri:0, instance:com.ibm.banking.runners.TestRunner@65e98b1c]" started-at="2026-01-20T23:10:37 IST" name="runScenario" description="Runs Cucumber Scenarios" data-provider="scenarios" finished-at="2026-01-20T23:10:44 IST" duration-ms="7208" status="PASS">
          <params>
            <param index="0">
              <value>
                <![CDATA["Transfer to saved beneficiary"]]>
              </value>
            </param>
            <param index="1">
              <value>
                <![CDATA["Money Transfer Functionality"]]>
              </value>
            </param>
          </params>
          <reporter-output>
          </reporter-output>
        </test-method> <!-- runScenario -->
        <test-method signature="runScenario(io.cucumber.testng.PickleWrapper,io.cucumber.testng.FeatureWrapper)[pri:0, instance:com.ibm.banking.runners.TestRunner@65e98b1c]" started-at="2026-01-20T23:10:44 IST" name="runScenario" description="Runs Cucumber Scenarios" data-provider="scenarios" finished-at="2026-01-20T23:10:52 IST" duration-ms="8563" status="FAIL">
          <params>
            <param index="0">
              <value>
                <![CDATA["Transfer to other bank"]]>
              </value>
            </param>
            <param index="1">
              <value>
                <![CDATA["Money Transfer Functionality"]]>
>>>>>>> e1e3038 (Completed Transactions Page Test)
              </value>
            </param>
          </params>
          <reporter-output>
          </reporter-output>
        </test-method> <!-- runScenario -->
        <test-method signature="runScenario(io.cucumber.testng.PickleWrapper,io.cucumber.testng.FeatureWrapper)[pri:0, instance:com.ibm.banking.runners.TestRunner@24269709]" started-at="2026-01-20T18:00:44 IST" name="runScenario" description="Runs Cucumber Scenarios" data-provider="scenarios" finished-at="2026-01-20T18:01:01 IST" duration-ms="17438" status="FAIL">
          <params>
            <param index="0">
              <value>
                <![CDATA["Successfully update profile information"]]>
              </value>
            </param>
            <param index="1">
              <value>
                <![CDATA["Account Settings Page Functionality"]]>
              </value>
            </param>
          </params>
          <exception class="org.openqa.selenium.TimeoutException">
            <message>
<<<<<<< HEAD
              <![CDATA[Expected condition failed: waiting for visibility of element located by By.xpath: //label[contains(text(),'ADDRESS')]/following-sibling::input (tried for 10 second(s) with 500 milliseconds interval)
Build info: version: '4.39.0', revision: '126f156aee'
System info: os.name: 'Windows 11', os.arch: 'amd64', os.version: '10.0', java.version: '17.0.12'
Driver info: org.openqa.selenium.firefox.FirefoxDriver
Capabilities {acceptInsecureCerts: true, browserName: firefox, browserVersion: 147.0.1, moz:accessibilityChecks: false, moz:buildID: 20260116091309, moz:geckodriverVersion: 0.36.0, moz:headless: false, moz:platformVersion: 10.0, moz:processID: 35816, moz:profile: C:\Users\DEBOJI~1\AppData\L..., moz:shutdownTimeout: 60000, moz:webdriverClick: true, moz:windowless: false, pageLoadStrategy: normal, platformName: windows, proxy: Proxy(), setWindowRect: true, strictFileInteractability: false, timeouts: {implicit: 0, pageLoad: 300000, script: 30000}, unhandledPromptBehavior: dismiss and notify, userAgent: Mozilla/5.0 (Windows NT 10....}
Session ID: 59bd3045-d0a4-41d8-a60d-077396e4a2cf]]>
            </message>
            <full-stacktrace>
              <![CDATA[org.openqa.selenium.TimeoutException: Expected condition failed: waiting for visibility of element located by By.xpath: //label[contains(text(),'ADDRESS')]/following-sibling::input (tried for 10 second(s) with 500 milliseconds interval)
Build info: version: '4.39.0', revision: '126f156aee'
System info: os.name: 'Windows 11', os.arch: 'amd64', os.version: '10.0', java.version: '17.0.12'
Driver info: org.openqa.selenium.firefox.FirefoxDriver
Capabilities {acceptInsecureCerts: true, browserName: firefox, browserVersion: 147.0.1, moz:accessibilityChecks: false, moz:buildID: 20260116091309, moz:geckodriverVersion: 0.36.0, moz:headless: false, moz:platformVersion: 10.0, moz:processID: 35816, moz:profile: C:\Users\DEBOJI~1\AppData\L..., moz:shutdownTimeout: 60000, moz:webdriverClick: true, moz:windowless: false, pageLoadStrategy: normal, platformName: windows, proxy: Proxy(), setWindowRect: true, strictFileInteractability: false, timeouts: {implicit: 0, pageLoad: 300000, script: 30000}, unhandledPromptBehavior: dismiss and notify, userAgent: Mozilla/5.0 (Windows NT 10....}
Session ID: 59bd3045-d0a4-41d8-a60d-077396e4a2cf
at org.openqa.selenium.support.ui.WebDriverWait.timeoutException(WebDriverWait.java:84)
at org.openqa.selenium.support.ui.FluentWait.until(FluentWait.java:228)
at com.ibm.framework.base.BasePage.waitForVisible(BasePage.java:19)
at com.ibm.framework.base.BasePage.type(BasePage.java:31)
at com.ibm.banking.pages.AccSettingsPage.updateField(AccSettingsPage.java:71)
at com.ibm.banking.stepdefinitions.AccSettingsStep.the_user_updates_the_field_with(AccSettingsStep.java:66)
at ✽.the user updates the "ADDRESS" field with "123 Banking Lane, Test Colony"(file:///C:/Users/DebojitBhattacharjee/eclipse-automation-workspace/com.ibm.BankingProject/src/test/resources/features/accSettings.feature:22)
=======
              <![CDATA[Transfer unsuccessful expected [true] but found [false]]]>
            </message>
            <full-stacktrace>
              <![CDATA[java.lang.AssertionError: Transfer unsuccessful expected [true] but found [false]
at org.testng.Assert.fail(Assert.java:111)
at org.testng.Assert.failNotEquals(Assert.java:1590)
at org.testng.Assert.assertTrue(Assert.java:57)
at com.ibm.banking.stepdefinitions.TransactionSteps.the_transfer_result_should_be(TransactionSteps.java:48)
at ✽.the transfer result should be "success"(file:///C:/Users/PiyushShukla/Desktop/Training/Git/Selenium-Banking-Project/src/test/resources/features/transaction.feature:37)
>>>>>>> e1e3038 (Completed Transactions Page Test)
]]>
            </full-stacktrace>
          </exception> <!-- org.openqa.selenium.TimeoutException -->
          <reporter-output>
          </reporter-output>
        </test-method> <!-- runScenario -->
<<<<<<< HEAD
        <test-method is-config="true" signature="tearDownClass()[pri:0, instance:com.ibm.banking.runners.TestRunner@24269709]" started-at="2026-01-20T18:01:01 IST" name="tearDownClass" finished-at="2026-01-20T18:01:02 IST" duration-ms="211" status="PASS">
=======
        <test-method signature="runScenario(io.cucumber.testng.PickleWrapper,io.cucumber.testng.FeatureWrapper)[pri:0, instance:com.ibm.banking.runners.TestRunner@65e98b1c]" started-at="2026-01-20T23:10:52 IST" name="runScenario" description="Runs Cucumber Scenarios" data-provider="scenarios" finished-at="2026-01-20T23:11:01 IST" duration-ms="8719" status="PASS">
          <params>
            <param index="0">
              <value>
                <![CDATA["Transfer to other bank"]]>
              </value>
            </param>
            <param index="1">
              <value>
                <![CDATA["Money Transfer Functionality"]]>
              </value>
            </param>
          </params>
          <reporter-output>
          </reporter-output>
        </test-method> <!-- runScenario -->
        <test-method signature="runScenario(io.cucumber.testng.PickleWrapper,io.cucumber.testng.FeatureWrapper)[pri:0, instance:com.ibm.banking.runners.TestRunner@65e98b1c]" started-at="2026-01-20T23:11:01 IST" name="runScenario" description="Runs Cucumber Scenarios" data-provider="scenarios" finished-at="2026-01-20T23:11:10 IST" duration-ms="8368" status="PASS">
          <params>
            <param index="0">
              <value>
                <![CDATA["Transfer to other bank"]]>
              </value>
            </param>
            <param index="1">
              <value>
                <![CDATA["Money Transfer Functionality"]]>
              </value>
            </param>
          </params>
          <reporter-output>
          </reporter-output>
        </test-method> <!-- runScenario -->
        <test-method signature="runScenario(io.cucumber.testng.PickleWrapper,io.cucumber.testng.FeatureWrapper)[pri:0, instance:com.ibm.banking.runners.TestRunner@65e98b1c]" started-at="2026-01-20T23:11:10 IST" name="runScenario" description="Runs Cucumber Scenarios" data-provider="scenarios" finished-at="2026-01-20T23:11:18 IST" duration-ms="8275" status="PASS">
          <params>
            <param index="0">
              <value>
                <![CDATA["Transfer to other bank"]]>
              </value>
            </param>
            <param index="1">
              <value>
                <![CDATA["Money Transfer Functionality"]]>
              </value>
            </param>
          </params>
          <reporter-output>
          </reporter-output>
        </test-method> <!-- runScenario -->
        <test-method signature="runScenario(io.cucumber.testng.PickleWrapper,io.cucumber.testng.FeatureWrapper)[pri:0, instance:com.ibm.banking.runners.TestRunner@65e98b1c]" started-at="2026-01-20T23:11:18 IST" name="runScenario" description="Runs Cucumber Scenarios" data-provider="scenarios" finished-at="2026-01-20T23:11:26 IST" duration-ms="8328" status="PASS">
          <params>
            <param index="0">
              <value>
                <![CDATA["Own account transfer"]]>
              </value>
            </param>
            <param index="1">
              <value>
                <![CDATA["Money Transfer Functionality"]]>
              </value>
            </param>
          </params>
          <reporter-output>
          </reporter-output>
        </test-method> <!-- runScenario -->
        <test-method signature="runScenario(io.cucumber.testng.PickleWrapper,io.cucumber.testng.FeatureWrapper)[pri:0, instance:com.ibm.banking.runners.TestRunner@65e98b1c]" started-at="2026-01-20T23:11:26 IST" name="runScenario" description="Runs Cucumber Scenarios" data-provider="scenarios" finished-at="2026-01-20T23:11:34 IST" duration-ms="8019" status="PASS">
          <params>
            <param index="0">
              <value>
                <![CDATA["Own account transfer"]]>
              </value>
            </param>
            <param index="1">
              <value>
                <![CDATA["Money Transfer Functionality"]]>
              </value>
            </param>
          </params>
          <reporter-output>
          </reporter-output>
        </test-method> <!-- runScenario -->
        <test-method signature="runScenario(io.cucumber.testng.PickleWrapper,io.cucumber.testng.FeatureWrapper)[pri:0, instance:com.ibm.banking.runners.TestRunner@65e98b1c]" started-at="2026-01-20T23:11:34 IST" name="runScenario" description="Runs Cucumber Scenarios" data-provider="scenarios" finished-at="2026-01-20T23:11:43 IST" duration-ms="8436" status="PASS">
          <params>
            <param index="0">
              <value>
                <![CDATA["Own account transfer"]]>
              </value>
            </param>
            <param index="1">
              <value>
                <![CDATA["Money Transfer Functionality"]]>
              </value>
            </param>
          </params>
          <reporter-output>
          </reporter-output>
        </test-method> <!-- runScenario -->
        <test-method signature="runScenario(io.cucumber.testng.PickleWrapper,io.cucumber.testng.FeatureWrapper)[pri:0, instance:com.ibm.banking.runners.TestRunner@65e98b1c]" started-at="2026-01-20T23:11:43 IST" name="runScenario" description="Runs Cucumber Scenarios" data-provider="scenarios" finished-at="2026-01-20T23:11:52 IST" duration-ms="8968" status="FAIL">
          <params>
            <param index="0">
              <value>
                <![CDATA["Owntransfer failed due to no account selection"]]>
              </value>
            </param>
            <param index="1">
              <value>
                <![CDATA["Money Transfer Functionality"]]>
              </value>
            </param>
          </params>
          <exception class="java.lang.AssertionError">
            <message>
              <![CDATA[Transfer unsuccessful expected [true] but found [false]]]>
            </message>
            <full-stacktrace>
              <![CDATA[java.lang.AssertionError: Transfer unsuccessful expected [true] but found [false]
at org.testng.Assert.fail(Assert.java:111)
at org.testng.Assert.failNotEquals(Assert.java:1590)
at org.testng.Assert.assertTrue(Assert.java:57)
at com.ibm.banking.stepdefinitions.TransactionSteps.the_transfer_result_should_be(TransactionSteps.java:48)
at ✽.the transfer result should be "failure"(file:///C:/Users/PiyushShukla/Desktop/Training/Git/Selenium-Banking-Project/src/test/resources/features/transaction.feature:75)
]]>
            </full-stacktrace>
          </exception> <!-- java.lang.AssertionError -->
          <reporter-output>
          </reporter-output>
        </test-method> <!-- runScenario -->
        <test-method signature="runScenario(io.cucumber.testng.PickleWrapper,io.cucumber.testng.FeatureWrapper)[pri:0, instance:com.ibm.banking.runners.TestRunner@65e98b1c]" started-at="2026-01-20T23:11:52 IST" name="runScenario" description="Runs Cucumber Scenarios" data-provider="scenarios" finished-at="2026-01-20T23:12:00 IST" duration-ms="8639" status="PASS">
          <params>
            <param index="0">
              <value>
                <![CDATA["Add new beneficiary"]]>
              </value>
            </param>
            <param index="1">
              <value>
                <![CDATA["Money Transfer Functionality"]]>
              </value>
            </param>
          </params>
          <reporter-output>
          </reporter-output>
        </test-method> <!-- runScenario -->
        <test-method signature="runScenario(io.cucumber.testng.PickleWrapper,io.cucumber.testng.FeatureWrapper)[pri:0, instance:com.ibm.banking.runners.TestRunner@65e98b1c]" started-at="2026-01-20T23:12:00 IST" name="runScenario" description="Runs Cucumber Scenarios" data-provider="scenarios" finished-at="2026-01-20T23:12:08 IST" duration-ms="8141" status="PASS">
          <params>
            <param index="0">
              <value>
                <![CDATA["Add new beneficiary"]]>
              </value>
            </param>
            <param index="1">
              <value>
                <![CDATA["Money Transfer Functionality"]]>
              </value>
            </param>
          </params>
          <reporter-output>
          </reporter-output>
        </test-method> <!-- runScenario -->
        <test-method signature="runScenario(io.cucumber.testng.PickleWrapper,io.cucumber.testng.FeatureWrapper)[pri:0, instance:com.ibm.banking.runners.TestRunner@65e98b1c]" started-at="2026-01-20T23:12:08 IST" name="runScenario" description="Runs Cucumber Scenarios" data-provider="scenarios" finished-at="2026-01-20T23:12:26 IST" duration-ms="17866" status="PASS">
          <params>
            <param index="0">
              <value>
                <![CDATA["Delete beneficiary"]]>
              </value>
            </param>
            <param index="1">
              <value>
                <![CDATA["Money Transfer Functionality"]]>
              </value>
            </param>
          </params>
          <reporter-output>
          </reporter-output>
        </test-method> <!-- runScenario -->
        <test-method signature="runScenario(io.cucumber.testng.PickleWrapper,io.cucumber.testng.FeatureWrapper)[pri:0, instance:com.ibm.banking.runners.TestRunner@65e98b1c]" started-at="2026-01-20T23:12:26 IST" name="runScenario" description="Runs Cucumber Scenarios" data-provider="scenarios" finished-at="2026-01-20T23:12:32 IST" duration-ms="6246" status="PASS">
          <params>
            <param index="0">
              <value>
                <![CDATA["Verifying Transfer button functionality"]]>
              </value>
            </param>
            <param index="1">
              <value>
                <![CDATA["Money Transfer Functionality"]]>
              </value>
            </param>
          </params>
          <reporter-output>
          </reporter-output>
        </test-method> <!-- runScenario -->
        <test-method is-config="true" signature="tearDownClass()[pri:0, instance:com.ibm.banking.runners.TestRunner@65e98b1c]" started-at="2026-01-20T23:12:32 IST" name="tearDownClass" finished-at="2026-01-20T23:12:33 IST" duration-ms="62" status="PASS">
>>>>>>> e1e3038 (Completed Transactions Page Test)
          <reporter-output>
          </reporter-output>
        </test-method> <!-- tearDownClass -->
      </class> <!-- com.ibm.banking.runners.TestRunner -->
    </test> <!-- Default test -->
  </suite> <!-- Default suite -->
</testng-results>
