<?xml version="1.0" encoding="UTF-8"?>
<!-- Generated by org.testng.reporters.JUnitReportReporter -->
<testsuite hostname="IBM-34FV4D4" failures="1" tests="5" name="com.ibm.banking.runners.TestRunner" time="49.229" errors="0" timestamp="2026-01-20T15:17:14 IST" skipped="0">
  <testcase classname="com.ibm.banking.runners.TestRunner" name="runScenario" time="9.515"/>
  <testcase classname="com.ibm.banking.runners.TestRunner" name="runScenario" time="9.223">
    <failure message="Transactions section not visible expected [true] but found [false]" type="java.lang.AssertionError">
      <![CDATA[java.lang.AssertionError: Transactions section not visible expected [true] but found [false]
at org.testng.Assert.fail(Assert.java:111)
at org.testng.Assert.failNotEquals(Assert.java:1590)
at org.testng.Assert.assertTrue(Assert.java:57)
at com.ibm.banking.stepdefinitions.InsightsSteps.transactions_section_should_be_displayed(InsightsSteps.java:51)
at âœ½.the transactions section should be displayed(file:///C:/Users/DebojitBhattacharjee/eclipse-automation-workspace/com.ibm.BankingProject/src/test/resources/features/insights.feature:13)
]]>
    </failure>
  </testcase> <!-- runScenario -->
  <testcase classname="com.ibm.banking.runners.TestRunner" name="runScenario" time="9.721"/>
  <testcase classname="com.ibm.banking.runners.TestRunner" name="runScenario" time="13.586"/>
  <testcase classname="com.ibm.banking.runners.TestRunner" name="runScenario" time="7.184"/>
</testsuite> <!-- com.ibm.banking.runners.TestRunner -->
